1558604593165	geckodriver	INFO	geckodriver 0.20.1
1558604593175	geckodriver	INFO	Listening on 127.0.0.1:53806
1558604596216	mozrunner::runner	INFO	Running command: "C:\\Program Files\\Firefox Developer Edition\\firefox.exe" "-marionette" "-profile" "C:\\Users\\mrl\\AppData\\Local\\Temp\\rust_mozprofile.ntTcgcD1t6xH"
Unable to read VR Path Registry from C:\Users\mrl\AppData\Local\openvr\openvrpaths.vrpath
Unable to read VR Path Registry from C:\Users\mrl\AppData\Local\openvr\openvrpaths.vrpath
Unable to read VR Path Registry from C:\Users\mrl\AppData\Local\openvr\openvrpaths.vrpath
Unable to read VR Path Registry from C:\Users\mrl\AppData\Local\openvr\openvrpaths.vrpath
Unable to read VR Path Registry from C:\Users\mrl\AppData\Local\openvr\openvrpaths.vrpath
1558604597881	Marionette	INFO	Listening on port 53817
1558604598232	Marionette	WARN	TLS certificate errors will be ignored for this session
JavaScript warning: http://172.16.12.28:18080/echod_manager/V2/assets/js/jquery.min.js, line 1: Using //@ to indicate sourceMappingURL pragmas is deprecated. Use //# instead
[Parent 4464, Gecko_IOThread] WARNING: pipe error: 109: file z:/build/build/src/ipc/chromium/src/chrome/common/ipc_channel_win.cc, line 346
[Child 31140, Chrome_ChildThread] WARNING: pipe error: 109: file z:/build/build/src/ipc/chromium/src/chrome/common/ipc_channel_win.cc, line 346
[Child 31140, Chrome_ChildThread] WARNING: pipe error: 109: file z:/build/build/src/ipc/chromium/src/chrome/common/ipc_channel[Parent 4464, Gecko_IOThread] WARNING: pipe error: 109: file z:/build/build/src/ipc/chromium/src/chrome/common/ipc_channel_win.cc, line 346
*** UTM:SVC TimerManager:registerTimer called after profile-before-change notification. Ignoring timer registration for id: telemetry_modules_ping

###!!! [Child][MessageChannel::SendAndWait] Error: Channel error: cannot send/recv

1558604639844	geckodriver	INFO	geckodriver 0.20.1
1558604639852	geckodriver	INFO	Listening on 127.0.0.1:53916
1558604642885	mozrunner::runner	INFO	Running command: "C:\\Program Files\\Firefox Developer Edition\\firefox.exe" "-marionette" "-profile" "C:\\Users\\mrl\\AppData\\Local\\Temp\\rust_mozprofile.2TPiwewFfXj8"
Unable to read VR Path Registry from C:\Users\mrl\AppData\Local\openvr\openvrpaths.vrpath
Unable to read VR Path Registry from C:\Users\mrl\AppData\Local\openvr\openvrpaths.vrpath
Unable to read VR Path Registry from C:\Users\mrl\AppData\Local\openvr\openvrpaths.vrpath
Unable to read VR Path Registry from C:\Users\mrl\AppData\Local\openvr\openvrpaths.vrpath
Unable to read VR Path Registry from C:\Users\mrl\AppData\Local\openvr\openvrpaths.vrpath
1558604644594	Marionette	INFO	Listening on port 53926
1558604644897	Marionette	WARN	TLS certificate errors will be ignored for this session
JavaScript warning: http://172.16.12.28:18080/echod_manager/V2/assets/js/jquery.min.js, line 1: Using //@ to indicate sourceMappingURL pragmas is deprecated. Use //# instead
[Child 38292, Chrome_ChildThread] WARNING: pipe error: 109: file z:/build/build/src/ipc/chromium/src/chrome/common/ipc_channel_win.cc, line 346
[Child 38292, Chrome_ChildThread] WARNING: pipe error: 109: file z:/build/build/src/ipc/chromium/src/chrome/common/ipc_channel_win.cc, line 346
JavaScript error: chrome://browser/content/content.js, line 895: TypeError: content is null
[Parent 19576, Gecko_IOThread] WARNING: pipe error: 109: file z:/build/build/src/ipc/chromium/src/chrome/common/ipc_channel_win.cc, line 346
[Child 14360, Chrome_ChildThread] WARNING: pipe error: 109: file z:/build/build/src/ipc/chromium/src/chrome/common/ipc_channel_win.cc, line 346

###!!! [Child][RunMessage] Error: Channel closing: too late to send/recv, messages will be lost

[Child 14360, Chrome_ChildThr[Parent 19576, Gecko_IOThread] WARNING: pipe error: 109: file z:/build/build/src/ipc/chromium/src/chrome/common/ipc_channel_win.cc, line 346
[Child 29608, Chrome_ChildThread] WARNING: pipe error: 109: file z:/build/build/src/ipc/chromium/src/chrome/common/ipc_channel_win.cc, line 346
[Child 29608, C*** UTM:SVC TimerManager:registerTimer called after profile-before-change notification. Ignoring timer registration for id: telemetry_modules_ping
[GPU 14032
###!!! [Child][MessageChannel::SendAndWait] Error: Channel error: cannot send/recv

1558604668973	geckodriver	INFO	geckodriver 0.20.1
1558604668982	geckodriver	INFO	Listening on 127.0.0.1:53987
1558604672024	mozrunner::runner	INFO	Running command: "C:\\Program Files\\Firefox Developer Edition\\firefox.exe" "-marionette" "-profile" "C:\\Users\\mrl\\AppData\\Local\\Temp\\rust_mozprofile.2heTYA0TTsK4"
Unable to read VR Path Registry from C:\Users\mrl\AppData\Local\openvr\openvrpaths.vrpath
Unable to read VR Path Registry from C:\Users\mrl\AppData\Local\openvr\openvrpaths.vrpath
Unable to read VR Path Registry from C:\Users\mrl\AppData\Local\openvr\openvrpaths.vrpath
Unable to read VR Path Registry from C:\Users\mrl\AppData\Local\openvr\openvrpaths.vrpath
Unable to read VR Path Registry from C:\Users\mrl\AppData\Local\openvr\openvrpaths.vrpath
1558604673730	Marionette	INFO	Listening on port 53997
1558604674035	Marionette	WARN	TLS certificate errors will be ignored for this session
JavaScript warning: http://172.16.12.28:18080/echod_manager/V2/assets/js/jquery.min.js, line 1: Using //@ to indicate sourceMappingURL pragmas is deprecated. Use //# instead
[Parent 22996, Gecko_IOThread] WARNING: pipe error: 109: file z:/build/build/src/ipc/chromium/src/chrome/common/ipc_channel_win.cc, line 346
[Parent 22996, Gecko_IOThread] WARNING: pipe error: 109: file z:/build/build/src/ipc/chromium/src/chrome/common/ipc_channel_win.cc, line 346
[Child 38504, Chrome_ChildThread] WARNING: pipe error: 109: file z:/build/build/src/ipc/chromium/src/chrome/common/ipc_channel_win.cc, line 346
[Child 38504, Chrome_ChildThread] WARNING: pipe error: 109: file z:/build/[Parent 22996, Gecko_IOThread] WARNING: pipe error: 109: file z:/build/build/src/ipc/chromium/src/chrome/common/ipc_channel_win.cc, line 346
[Child 42792, Chrome_ChildThread] WARNING: pipe error: 109: file z:/build/build/src/ipc/chromium/src/chrome/common/ipc_channel_win.cc, line 346
[Child 42792,*** UTM:SVC TimerManager:registerTimer called after profile-before-change notification. Ignoring timer registration for id: telemetry_modules_ping
[GPU 35592, 
###!!! [Child][MessageChannel::SendAndWait] Error: Channel error: cannot send/recv

1558604756726	geckodriver	INFO	geckodriver 0.20.1
1558604756735	geckodriver	INFO	Listening on 127.0.0.1:54114
1558604759784	mozrunner::runner	INFO	Running command: "C:\\Program Files\\Firefox Developer Edition\\firefox.exe" "-marionette" "-profile" "C:\\Users\\mrl\\AppData\\Local\\Temp\\rust_mozprofile.wfpajshYoyFH"
Unable to read VR Path Registry from C:\Users\mrl\AppData\Local\openvr\openvrpaths.vrpath
Unable to read VR Path Registry from C:\Users\mrl\AppData\Local\openvr\openvrpaths.vrpath
Unable to read VR Path Registry from C:\Users\mrl\AppData\Local\openvr\openvrpaths.vrpath
Unable to read VR Path Registry from C:\Users\mrl\AppData\Local\openvr\openvrpaths.vrpath
Unable to read VR Path Registry from C:\Users\mrl\AppData\Local\openvr\openvrpaths.vrpath
1558604761662	Marionette	INFO	Listening on port 54124
1558604761794	Marionette	WARN	TLS certificate errors will be ignored for this session
JavaScript warning: http://172.16.12.28:18080/echod_manager/V2/assets/js/jquery.min.js, line 1: Using //@ to indicate sourceMappingURL pragmas is deprecated. Use //# instead
[Parent 43116, Gecko_IOThread] WARNING: pipe error: 109: file z:/build/build/src/ipc/chromium/src/chrome/common/ipc_channel_win.cc, line 346
[Parent 43116, Gecko_IOThread] WARNING: pipe error: 109: file z:/build/build/src/ipc/chromium/src/chrome/common/ipc_channel_win.cc, line 346
1558604790690	addons.productaddons	WARN	Failed downloading via XHR, status: 0, reason: error
[Parent 43116, Gecko_IOThread] WARNING: pipe error: 109: file z:/build/build/src/ipc/chromium/src/chrome/common/ipc_channel_win.cc, line 346
[Child 27720, Chrome_ChildThread] WARNING: pipe error: 109: file z:/build/build/src/ipc/chromium/src/chrome/common/ipc_channel_win.cc, line 346
[Child 27720, Chrome_ChildThread] WARNING: pipe error: 109: file z:/build/build/src/ipc/chromium/src/chrome/common/ipc_channel_win.*** UTM:SVC TimerManager:registerTimer called after profile-before-change notification. Ignoring timer registration for id: telemetry_modules_ping

###!!! [Child][MessageChannel::SendAndWait] Error: Channel error: cannot send/recv

1558604813531	geckodriver	INFO	geckodriver 0.20.1
1558604813540	geckodriver	INFO	Listening on 127.0.0.1:54223
1558604816574	mozrunner::runner	INFO	Running command: "C:\\Program Files\\Firefox Developer Edition\\firefox.exe" "-marionette" "-profile" "C:\\Users\\mrl\\AppData\\Local\\Temp\\rust_mozprofile.MoBIn0Yclaz8"
Unable to read VR Path Registry from C:\Users\mrl\AppData\Local\openvr\openvrpaths.vrpath
Unable to read VR Path Registry from C:\Users\mrl\AppData\Local\openvr\openvrpaths.vrpath
Unable to read VR Path Registry from C:\Users\mrl\AppData\Local\openvr\openvrpaths.vrpath
Unable to read VR Path Registry from C:\Users\mrl\AppData\Local\openvr\openvrpaths.vrpath
Unable to read VR Path Registry from C:\Users\mrl\AppData\Local\openvr\openvrpaths.vrpath
1558604818347	Marionette	INFO	Listening on port 54234
1558604818583	Marionette	WARN	TLS certificate errors will be ignored for this session
JavaScript warning: http://172.16.12.28:18080/echod_manager/V2/assets/js/jquery.min.js, line 1: Using //@ to indicate sourceMappingURL pragmas is deprecated. Use //# instead
IPDL protocol error: Handler returned error code!

###!!! [Parent][DispatchAsyncMessage] Error: PLayerTransaction::Msg_ReleaseLayer Processing error: message was deserialized, but the handler returned false (indicating failure)

IPDL protocol error: Handler returned error code!

###!!! [Parent][DispatchAsyncMessage] Error: PLayerTransaction::Msg_ReleaseLayer Processing error: message was deserialized, but the handler returned false (indicating failure)

[Parent 52768, Gecko_IOThread] WARNING: pipe error: 109: file z:/build/build/src/ipc/chromium/src/chrome/common/ipc_channel_win.cc, line 346
[Parent 52768, Gecko_IOThread] WARNING: pipe error: 109: file z:/build/build/src/ipc/chromium/src/chrome/common/ipc_channel_win.cc, line 346
[Child 53764, Chrome_ChildThread] WARNING: pipe error: 109: file z:/build/build/src/ipc/chromium/src/chrome/common/ipc_channel_win.cc, line 346
[Child 53764, Chrome_ChildThread] WARNING: pipe error: 109: file z:/build/build/src/ipc/chromium/src/chrome/common/ipc_channel_win.cc, line 346
[Parent 52768, Gecko_IOThread] WARNING: pipe error: 109: file z:/build/build/src/ipc/chromium/src/chrome/common/ipc_channel_win.cc, line 346
[Child 4008, Chrome_ChildThread] WARNING: pipe error: 109: file z:/build/build/src/ipc/chromium/src/chrome/common/ipc_channel_win.cc, line 346
[Child 4008, Chrome_Chi*** UTM:SVC TimerManager:registerTimer called after profile-before-change notification. Ignoring timer registration for id: telemetry_modules_ping
[GPU 27832, C
###!!! [Child][MessageChannel::SendAndWait] Error: Channel error: cannot send/recv

1558662334007	geckodriver	INFO	geckodriver 0.20.1
1558662334016	geckodriver	INFO	Listening on 127.0.0.1:52399
1558662337070	mozrunner::runner	INFO	Running command: "C:\\Program Files\\Firefox Developer Edition\\firefox.exe" "-marionette" "-profile" "C:\\Users\\mrl\\AppData\\Local\\Temp\\rust_mozprofile.ggJ1f4G4nZys"
Unable to read VR Path Registry from C:\Users\mrl\AppData\Local\openvr\openvrpaths.vrpath
Unable to read VR Path Registry from C:\Users\mrl\AppData\Local\openvr\openvrpaths.vrpath
Unable to read VR Path Registry from C:\Users\mrl\AppData\Local\openvr\openvrpaths.vrpath
Unable to read VR Path Registry from C:\Users\mrl\AppData\Local\openvr\openvrpaths.vrpath
Unable to read VR Path Registry from C:\Users\mrl\AppData\Local\openvr\openvrpaths.vrpath
1558662338672	Marionette	INFO	Listening on port 52407
1558662339080	Marionette	WARN	TLS certificate errors will be ignored for this session
JavaScript warning: http://172.16.12.28:18080/echod_manager/V2/assets/js/jquery.min.js, line 1: Using //@ to indicate sourceMappingURL pragmas is deprecated. Use //# instead
[Parent 24588, Gecko_IOThread] WARNING: pipe error: 109: file z:/build/build/src/ipc/chromium/src/chrome/common/ipc_channel_win.cc, line 346
[Parent 24588, Gecko_IOThread] WARNING: pipe error: 109: file z:/build/build/src/ipc/chromium/src/chrome/common/ipc_channel_win.cc, line 346
[Parent 24588, Gecko_IOThread] WARNING: pipe error: 109: file z:/build/build/src/ipc/chromium/src/chrome/common/ipc_channel_win.cc, line 346
[Child 22316, Chrome_ChildThread] WARNING: pipe error: 109: file z:/build/build/src/ipc/chromium/src/chrome/common/ipc_channel_win.cc, line 346
[Child 2231*** UTM:SVC TimerManager:registerTimer called after profile-before-change notification. Ignoring timer registration for id: telemetry_modules_ping

###!!! [Child][MessageChannel::SendAndWait] Error: Channel error: cannot send/recv

1558670350413	geckodriver	INFO	geckodriver 0.20.1
1558670350422	geckodriver	INFO	Listening on 127.0.0.1:51398
1558670353465	mozrunner::runner	INFO	Running command: "C:\\Program Files\\Firefox Developer Edition\\firefox.exe" "-marionette" "-profile" "C:\\Users\\mrl\\AppData\\Local\\Temp\\rust_mozprofile.mgiisL2yqSJv"
Unable to read VR Path Registry from C:\Users\mrl\AppData\Local\openvr\openvrpaths.vrpath
Unable to read VR Path Registry from C:\Users\mrl\AppData\Local\openvr\openvrpaths.vrpath
Unable to read VR Path Registry from C:\Users\mrl\AppData\Local\openvr\openvrpaths.vrpath
Unable to read VR Path Registry from C:\Users\mrl\AppData\Local\openvr\openvrpaths.vrpath
Unable to read VR Path Registry from C:\Users\mrl\AppData\Local\openvr\openvrpaths.vrpath
1558670355083	Marionette	INFO	Listening on port 51408
1558670355475	Marionette	WARN	TLS certificate errors will be ignored for this session
JavaScript warning: http://172.16.12.28:18080/echod_manager/V2/assets/js/jquery.min.js, line 1: Using //@ to indicate sourceMappingURL pragmas is deprecated. Use //# instead
IPDL protocol error: Handler returned error code!

###!!! [Parent][DispatchAsyncMessage] Error: PLayerTransaction::Msg_ReleaseLayer Processing error: message was deserialized, but the handler returned false (indicating failure)

IPDL protocol error: Handler returned error code!

###!!! [Parent][DispatchAsyncMessage] Error: PLayerTransaction::Msg_ReleaseLayer Processing error: message was deserialized, but the handler returned false (indicating failure)

[Parent 36952, Gecko_IOThread] WARNING: pipe error: 109: file z:/build/build/src/ipc/chromium/src/chrome/common/ipc_channel_win.cc, line 346
[Child 40172, Chrome_ChildThread] WARNING: pipe error: 109: file z:/build/build/src/ipc/chromium/src/chrome/common/ipc_channel_win.cc, line 346
[Child 8504, Chrome_ChildThread] WARNING: pipe error: 109: file z:/build/build/src/ipc/chromium/src/chrome/common/ipc_channel_win.cc, line 346
[Child 8504, Chrome_ChildThread] WARNING: pipe error: 109: file z:/build/b[Child 46132, Chrome_ChildThread] WARNING: pipe error: 109: file z:/build/build/src/ipc/chromium/src/chrome/common/ipc_channel_win.cc, line 346
[Child 46132, Chrome_ChildThread] WARNING: pipe error: 109: file z:/build/build/src/ipc/chromium/src/chrome/com*** UTM:SVC TimerManager:registerTimer called after profile-before-change notification. Ignoring timer registration for id: telemetry_modules_ping

###!!! [Child][MessageChannel::SendAndWait] Error: Channel error: cannot send/recv

1558670414117	geckodriver	INFO	geckodriver 0.20.1
1558670414126	geckodriver	INFO	Listening on 127.0.0.1:51510
1558670417160	mozrunner::runner	INFO	Running command: "C:\\Program Files\\Firefox Developer Edition\\firefox.exe" "-marionette" "-profile" "C:\\Users\\mrl\\AppData\\Local\\Temp\\rust_mozprofile.A0PZUR7snYnr"
Unable to read VR Path Registry from C:\Users\mrl\AppData\Local\openvr\openvrpaths.vrpath
Unable to read VR Path Registry from C:\Users\mrl\AppData\Local\openvr\openvrpaths.vrpath
Unable to read VR Path Registry from C:\Users\mrl\AppData\Local\openvr\openvrpaths.vrpath
Unable to read VR Path Registry from C:\Users\mrl\AppData\Local\openvr\openvrpaths.vrpath
Unable to read VR Path Registry from C:\Users\mrl\AppData\Local\openvr\openvrpaths.vrpath
1558670418869	Marionette	INFO	Listening on port 51520
1558670419170	Marionette	WARN	TLS certificate errors will be ignored for this session
JavaScript warning: http://172.16.12.28:18080/echod_manager/V2/assets/js/jquery.min.js, line 1: Using //@ to indicate sourceMappingURL pragmas is deprecated. Use //# instead
IPDL protocol error: Handler returned error code!

###!!! [Parent][DispatchAsyncMessage] Error: PLayerTransaction::Msg_ReleaseLayer Processing error: message was deserialized, but the handler returned false (indicating failure)

IPDL protocol error: Handler returned error code!

###!!! [Parent][DispatchAsyncMessage] Error: PLayerTransaction::Msg_ReleaseLayer Processing error: message was deserialized, but the handler returned false (indicating failure)

[Parent 36900, Gecko_IOThread] WARNING: pipe error: 109: file z:/build/build/src/ipc/chromium/src/chrome/common/ipc_channel_win.cc, line 346
[Child 6432, Chrome_ChildThread] WARNING: pipe error: 109: file z:/build/build/src/ipc/chromium/src/chrome/common/ipc_channel_win.cc, line 346
[Child 6432, Chrome_ChildThread] WARNING: pipe error: 109: file z:/build/build/src/ipc/chromium/src/chrom[Parent 36900, Gecko_IOThread] WARNING: pipe error: 109: file z:/build/build/src/ipc/chromium/src/chrome/common/ipc_channel_win.cc, line 346
[Child 46268, Chrome_ChildThread] WARNING: pipe error: 109: file z:/build/build/src/ipc/chromium/src/chrome/common/ipc_channel_win.cc, line 346
[Child 46268, Chr[Parent 36900, Gecko_IOThread] WARNING: pipe error: 109: file z:/build/build/src/ipc/chromium/src/chrome/common/ipc_channel_win.cc, line 346
[Child 52404, Chrome_ChildThread] WARNING: pipe error: 109: file z:/build/build/src/ipc/chromium/src/chrome/common/ipc_channel_win.cc, line 346
[Child 52404, *** UTM:SVC TimerManager:registerTimer called after profile-before-change notification. Ignoring timer registration for id: telemetry_modules_ping

###!!! [Child][MessageChannel::SendAndWait] Error: Channel error: cannot send/recv

1558670440011	geckodriver	INFO	geckodriver 0.20.1
1558670440020	geckodriver	INFO	Listening on 127.0.0.1:51590
1558670443055	mozrunner::runner	INFO	Running command: "C:\\Program Files\\Firefox Developer Edition\\firefox.exe" "-marionette" "-profile" "C:\\Users\\mrl\\AppData\\Local\\Temp\\rust_mozprofile.3xcC5oF0MfgL"
Unable to read VR Path Registry from C:\Users\mrl\AppData\Local\openvr\openvrpaths.vrpath
Unable to read VR Path Registry from C:\Users\mrl\AppData\Local\openvr\openvrpaths.vrpath
Unable to read VR Path Registry from C:\Users\mrl\AppData\Local\openvr\openvrpaths.vrpath
Unable to read VR Path Registry from C:\Users\mrl\AppData\Local\openvr\openvrpaths.vrpath
Unable to read VR Path Registry from C:\Users\mrl\AppData\Local\openvr\openvrpaths.vrpath
1558670444789	Marionette	INFO	Listening on port 51600
1558670445069	Marionette	WARN	TLS certificate errors will be ignored for this session
JavaScript warning: http://172.16.12.28:18080/echod_manager/V2/assets/js/jquery.min.js, line 1: Using //@ to indicate sourceMappingURL pragmas is deprecated. Use //# instead
[Parent 26264, Gecko_IOThread] WARNING: pipe error: 109: file z:/build/build/src/ipc/chromium/src/chrome/common/ipc_channel_win.cc, line 346
[Parent 26264, Gecko_IOThread] WARNING: pipe error: 109: file z:/build/build/src/ipc/chromium/src/chrome/common/ipc_channel_win.cc, line 346
[Parent 26264, Gecko_IOThread] WARNING: pipe error: 109: file z:/build/build/src/ipc/chromium/src/chrome/common/ipc_channel_win.cc, line 346
[Child 51908, Chrome_ChildThread] WARNING: pipe error: 109: file z:/build/build/src/ipc/chromium/src/chrome/common/ipc_channel_win.cc, line 346
[Child 51908, Chrome_ChildThread] WARNI[GPU 3638
###!!! [Child][MessageChannel::SendAndWait] Error: Channel error: cannot send/recv

gistry from C:\Users\mrl\AppData\Local\openvr\openvrpaths.vrpath
1558670491563	Marionette	INFO	Listening on port 51702
1558670491950	Marionette	WARN	TLS certificate errors will be ignored for this session
JavaScript warning: http://172.16.12.28:18080/echod_manager/V2/assets/js/jquery.min.js, line 1: Using //@ to indicate sourceMappingURL pragmas is deprecated. Use //# instead
IPDL protocol error: Handler returned error code!

###!!! [Parent][DispatchAsyncMessage] Error: PLayerTransaction::Msg_ReleaseLayer Processing error: message was deserialized, but the handler returned false (indicating failure)

IPDL protocol error: Handler returned error code!

###!!! [Parent][DispatchAsyncMessage] Error: PLayerTransaction::Msg_ReleaseLayer Processing error: message was deserialized, but the handler returned false (indicating failure)

IPDL protocol error: Handler returned error code!

###!!! [Parent][DispatchAsyncMessage] Error: PLayerTransaction::Msg_ReleaseLayer Processing error: message was deserialized, but the handler returned false (indicating failure)

[Child 6972, Chrome_ChildThread] WARNING: pipe error: 109: file z:/build/build/src/ipc/chromium/src/chrome/common/ipc_channel_win.cc, line 346
[Child 6972, Chrome_ChildThread] WARNING: pipe error: 109: file z:/build/build/src/ipc/chromium/src/chrome/common/ipc_channel_win.cc, line 346
IPDL protocol error: Handler returned error code!

###!!! [Parent][DispatchAsyncMessage] Error: PLayerTransaction::Msg_ReleaseLayer Processing error: message was deserialized, but the handler returned false (indicating failure)

IPDL protocol error: Handler returned error code!

###!!! [Parent][DispatchAsyncMessage] Error: PLayerTransaction::Msg_ReleaseLayer Processing error: message was deserialized, but the handler returned false (indicating failure)

IPDL protocol error: Handler returned error code!

###!!! [Parent][DispatchAsyncMessage] Error: PLayerTransaction::Msg_ReleaseLayer Processing error: message was deserialized, but the handler returned false (indicating failure)

[Child 4588, Chrome_ChildThread] WARNING: pipe error: 109: file z:/build/build/src/ipc/chromium/src/chrome/common/ipc_channel_win.cc, line 346
[Child 4588, Chrome_ChildThread] WARNING: pipe error: 109: file z:[Parent 17924, Gecko_IOThread] WARNING: pipe error: 109: file z:/build/build/src/ipc/chromium/src/chrome/common/ipc_channel_win.cc, line 346
[Child 16940, Chrome_ChildThread] WARNING: pipe error: 109: file z:/build/build/src/ipc/chromium/src/chrome/common/ipc_channel_win.cc, line 346
[Child 16940, *** UTM:SVC TimerManager:registerTimer called after profile-before-change notification. Ignoring timer registration for id: telemetry_modules_ping

###!!! [Child][MessageChannel::SendAndWait] Error: Channel error: cannot send/recv

